2015/04/28 11:39:25 [error] [exception.CDbException] exception 'CDbException' with message 'CDbConnection failed to open the DB connection: SQLSTATE[08006] [7] could not connect to server: Connection refused
	Is the server running on host "localhost" and accepting
	TCP/IP connections on port 5432?
could not connect to server: Connection refused
	Is the server running on host "localhost" and accepting
	TCP/IP connections on port 5432?' in /var/www/html/YiiRoot/framework/db/CDbConnection.php:399
Stack trace:
#0 /var/www/html/YiiRoot/framework/db/CDbConnection.php(347): CDbConnection->open()
#1 /var/www/html/YiiRoot/framework/db/CDbConnection.php(325): CDbConnection->setActive(true)
#2 /var/www/html/YiiRoot/framework/base/CModule.php(394): CDbConnection->init()
#3 /var/www/html/YiiRoot/framework/cli/commands/MigrateCommand.php(472): CModule->getComponent('db')
#4 /var/www/html/YiiRoot/framework/cli/commands/MigrateCommand.php(481): MigrateCommand->getDbConnection()
#5 /var/www/html/YiiRoot/framework/cli/commands/MigrateCommand.php(512): MigrateCommand->getMigrationHistory(-1)
#6 /var/www/html/YiiRoot/framework/cli/commands/MigrateCommand.php(84): MigrateCommand->getNewMigrations()
#7 [internal function]: MigrateCommand->actionUp(Array)
#8 /var/www/html/YiiRoot/framework/console/CConsoleCommand.php(172): ReflectionMethod->invokeArgs(Object(MigrateCommand), Array)
#9 /var/www/html/YiiRoot/framework/console/CConsoleCommandRunner.php(71): CConsoleCommand->run(Array)
#10 /var/www/html/YiiRoot/framework/console/CConsoleApplication.php(92): CConsoleCommandRunner->run(Array)
#11 /var/www/html/YiiRoot/framework/base/CApplication.php(184): CConsoleApplication->processRequest()
#12 /var/www/html/YiiRoot/framework/yiic.php(33): CApplication->run()
#13 /var/www/html/torque/protected/yiic.php(7): require_once('/var/www/html/Y...')
#14 /var/www/html/torque/protected/yiic(4): require_once('/var/www/html/t...')
#15 {main}
---
